<?xml version="1.0" encoding="UTF-8"?>
<testng-results skipped="0" failed="0" ignored="2" total="5" passed="3">
  <reporter-output>
  </reporter-output>
  <suite name="Suite" duration-ms="63425" started-at="2020-02-02T06:26:40Z" finished-at="2020-02-02T06:27:43Z">
    <groups>
      <group name="cucumber">
        <method signature="AbstractTestNGCucumberTests.runScenario(cucumber.api.testng.PickleEventWrapper, cucumber.api.testng.CucumberFeatureWrapper)[pri:0, instance:com.leafBot.testcases.TC003_CreateLead@1e88b3c]" name="runScenario" class="cucumber.api.testng.AbstractTestNGCucumberTests"/>
        <method signature="AbstractTestNGCucumberTests.runScenario(cucumber.api.testng.PickleEventWrapper, cucumber.api.testng.CucumberFeatureWrapper)[pri:0, instance:com.leafBot.testcases.TC004_EditLead@42d80b78]" name="runScenario" class="cucumber.api.testng.AbstractTestNGCucumberTests"/>
      </group> <!-- cucumber -->
    </groups>
    <test name="Test" duration-ms="63425" started-at="2020-02-02T06:26:40Z" finished-at="2020-02-02T06:27:43Z">
      <class name="com.leafBot.testcases.TC003_CreateLead">
        <test-method status="PASS" signature="startReport()[pri:0, instance:com.leafBot.testcases.TC003_CreateLead@1e88b3c]" name="startReport" is-config="true" duration-ms="312" started-at="2020-02-02T06:26:40Z" finished-at="2020-02-02T06:26:40Z">
          <reporter-output>
          </reporter-output>
        </test-method> <!-- startReport -->
        <test-method status="PASS" signature="setData()[pri:0, instance:com.leafBot.testcases.TC003_CreateLead@1e88b3c]" name="setData" is-config="true" duration-ms="0" started-at="2020-02-02T06:26:40Z" finished-at="2020-02-02T06:26:40Z">
          <reporter-output>
          </reporter-output>
        </test-method> <!-- setData -->
        <test-method status="PASS" signature="setData()[pri:0, instance:com.leafBot.testcases.TC004_EditLead@42d80b78]" name="setData" is-config="true" duration-ms="0" started-at="2020-02-02T06:26:40Z" finished-at="2020-02-02T06:26:40Z">
          <reporter-output>
          </reporter-output>
        </test-method> <!-- setData -->
        <test-method status="PASS" signature="setUpClass()[pri:0, instance:com.leafBot.testcases.TC003_CreateLead@1e88b3c]" name="setUpClass" is-config="true" duration-ms="171" started-at="2020-02-02T06:26:40Z" finished-at="2020-02-02T06:26:40Z">
          <reporter-output>
          </reporter-output>
        </test-method> <!-- setUpClass -->
        <test-method status="PASS" signature="report()[pri:0, instance:com.leafBot.testcases.TC003_CreateLead@1e88b3c]" name="report" is-config="true" duration-ms="32" started-at="2020-02-02T06:26:40Z" finished-at="2020-02-02T06:26:40Z">
          <reporter-output>
          </reporter-output>
        </test-method> <!-- report -->
        <test-method status="PASS" signature="beforeMethod()[pri:0, instance:com.leafBot.testcases.TC003_CreateLead@1e88b3c]" name="beforeMethod" is-config="true" duration-ms="8241" started-at="2020-02-02T06:26:42Z" finished-at="2020-02-02T06:26:50Z">
          <reporter-output>
          </reporter-output>
        </test-method> <!-- beforeMethod -->
        <test-method status="PASS" signature="createLead(java.lang.String, java.lang.String, java.lang.String, java.lang.String, java.lang.String, java.lang.String)[pri:0, instance:com.leafBot.testcases.TC003_CreateLead@1e88b3c]" name="createLead" duration-ms="26098" started-at="2020-02-02T06:26:50Z" data-provider="fetchData" finished-at="2020-02-02T06:27:16Z">
          <params>
            <param index="0">
              <value>
                <![CDATA[DemoSalesManager]]>
              </value>
            </param>
            <param index="1">
              <value>
                <![CDATA[crmsfa]]>
              </value>
            </param>
            <param index="2">
              <value>
                <![CDATA[TestLeaf]]>
              </value>
            </param>
            <param index="3">
              <value>
                <![CDATA[Babu]]>
              </value>
            </param>
            <param index="4">
              <value>
                <![CDATA[M]]>
              </value>
            </param>
            <param index="5">
              <value>
                <![CDATA[babu@testleaf.com]]>
              </value>
            </param>
          </params>
          <reporter-output>
          </reporter-output>
        </test-method> <!-- createLead -->
        <test-method status="PASS" signature="afterMethod()[pri:0, instance:com.leafBot.testcases.TC003_CreateLead@1e88b3c]" name="afterMethod" is-config="true" duration-ms="2105" started-at="2020-02-02T06:27:16Z" finished-at="2020-02-02T06:27:18Z">
          <reporter-output>
          </reporter-output>
        </test-method> <!-- afterMethod -->
        <test-method status="PASS" signature="beforeMethod()[pri:0, instance:com.leafBot.testcases.TC003_CreateLead@1e88b3c]" name="beforeMethod" is-config="true" duration-ms="5869" started-at="2020-02-02T06:27:18Z" finished-at="2020-02-02T06:27:24Z">
          <reporter-output>
          </reporter-output>
        </test-method> <!-- beforeMethod -->
        <test-method status="PASS" signature="createLead(java.lang.String, java.lang.String, java.lang.String, java.lang.String, java.lang.String, java.lang.String)[pri:0, instance:com.leafBot.testcases.TC003_CreateLead@1e88b3c]" name="createLead" duration-ms="16943" started-at="2020-02-02T06:27:24Z" data-provider="fetchData" finished-at="2020-02-02T06:27:41Z">
          <params>
            <param index="0">
              <value>
                <![CDATA[DemoSalesManager]]>
              </value>
            </param>
            <param index="1">
              <value>
                <![CDATA[crmsfa]]>
              </value>
            </param>
            <param index="2">
              <value>
                <![CDATA[Qeagle]]>
              </value>
            </param>
            <param index="3">
              <value>
                <![CDATA[Gopinath]]>
              </value>
            </param>
            <param index="4">
              <value>
                <![CDATA[Jayakumar]]>
              </value>
            </param>
            <param index="5">
              <value>
                <![CDATA[gopinath@testleaf.com]]>
              </value>
            </param>
          </params>
          <reporter-output>
          </reporter-output>
        </test-method> <!-- createLead -->
        <test-method status="PASS" signature="afterMethod()[pri:0, instance:com.leafBot.testcases.TC003_CreateLead@1e88b3c]" name="afterMethod" is-config="true" duration-ms="2390" started-at="2020-02-02T06:27:41Z" finished-at="2020-02-02T06:27:43Z">
          <reporter-output>
          </reporter-output>
        </test-method> <!-- afterMethod -->
        <test-method status="PASS" signature="tearDownClass()[pri:0, instance:com.leafBot.testcases.TC003_CreateLead@1e88b3c]" name="tearDownClass" is-config="true" duration-ms="0" started-at="2020-02-02T06:27:43Z" finished-at="2020-02-02T06:27:43Z">
          <reporter-output>
          </reporter-output>
        </test-method> <!-- tearDownClass -->
        <test-method status="PASS" signature="stopReport()[pri:0, instance:com.leafBot.testcases.TC003_CreateLead@1e88b3c]" name="stopReport" is-config="true" duration-ms="906" started-at="2020-02-02T06:27:43Z" finished-at="2020-02-02T06:27:44Z">
          <reporter-output>
          </reporter-output>
        </test-method> <!-- stopReport -->
      </class> <!-- com.leafBot.testcases.TC003_CreateLead -->
      <class name="com.leafBot.testcases.TC004_EditLead">
        <test-method status="PASS" signature="setUpClass()[pri:0, instance:com.leafBot.testcases.TC004_EditLead@42d80b78]" name="setUpClass" is-config="true" duration-ms="171" started-at="2020-02-02T06:26:40Z" finished-at="2020-02-02T06:26:40Z">
          <reporter-output>
          </reporter-output>
        </test-method> <!-- setUpClass -->
        <test-method status="PASS" signature="report()[pri:0, instance:com.leafBot.testcases.TC004_EditLead@42d80b78]" name="report" is-config="true" duration-ms="32" started-at="2020-02-02T06:26:40Z" finished-at="2020-02-02T06:26:40Z">
          <reporter-output>
          </reporter-output>
        </test-method> <!-- report -->
        <test-method status="PASS" signature="beforeMethod()[pri:0, instance:com.leafBot.testcases.TC004_EditLead@42d80b78]" name="beforeMethod" is-config="true" duration-ms="8865" started-at="2020-02-02T06:26:42Z" finished-at="2020-02-02T06:26:50Z">
          <reporter-output>
          </reporter-output>
        </test-method> <!-- beforeMethod -->
        <test-method status="PASS" signature="editLead(java.lang.String, java.lang.String, java.lang.String, java.lang.String)[pri:0, instance:com.leafBot.testcases.TC004_EditLead@42d80b78]" name="editLead" duration-ms="30705" started-at="2020-02-02T06:26:50Z" data-provider="fetchData" finished-at="2020-02-02T06:27:21Z">
          <params>
            <param index="0">
              <value>
                <![CDATA[DemoSalesManager]]>
              </value>
            </param>
            <param index="1">
              <value>
                <![CDATA[crmsfa]]>
              </value>
            </param>
            <param index="2">
              <value>
                <![CDATA[Babu]]>
              </value>
            </param>
            <param index="3">
              <value>
                <![CDATA[TestLeaf - Ver2]]>
              </value>
            </param>
          </params>
          <reporter-output>
          </reporter-output>
        </test-method> <!-- editLead -->
        <test-method status="PASS" signature="afterMethod()[pri:0, instance:com.leafBot.testcases.TC004_EditLead@42d80b78]" name="afterMethod" is-config="true" duration-ms="2119" started-at="2020-02-02T06:27:21Z" finished-at="2020-02-02T06:27:23Z">
          <reporter-output>
          </reporter-output>
        </test-method> <!-- afterMethod -->
        <test-method status="PASS" signature="tearDownClass()[pri:0, instance:com.leafBot.testcases.TC004_EditLead@42d80b78]" name="tearDownClass" is-config="true" duration-ms="0" started-at="2020-02-02T06:27:23Z" finished-at="2020-02-02T06:27:23Z">
          <reporter-output>
          </reporter-output>
        </test-method> <!-- tearDownClass -->
      </class> <!-- com.leafBot.testcases.TC004_EditLead -->
    </test> <!-- Test -->
  </suite> <!-- Suite -->
</testng-results>
