<?xml version="1.0" encoding="UTF-8"?>
<!-- Generated by org.testng.reporters.JUnitXMLReporter -->
<testsuite hostname="User-PC" ignored="2" name="Test" tests="3" failures="0" timestamp="02 Feb 2020 06:27:43 GMT" time="63.425" errors="0">
  <testcase name="createLead" time="26.098" classname="com.leafBot.testcases.TC003_CreateLead"/>
  <testcase name="editLead" time="30.705" classname="com.leafBot.testcases.TC004_EditLead"/>
  <testcase name="createLead" time="16.943" classname="com.leafBot.testcases.TC003_CreateLead"/>
  <testcase name="@AfterSuite stopReport" time="0.0" classname="utils.Reporter">
    <ignored/>
  </testcase> <!-- @AfterSuite stopReport -->
  <testcase name="@BeforeSuite startReport" time="0.0" classname="utils.Reporter">
    <ignored/>
  </testcase> <!-- @BeforeSuite startReport -->
</testsuite> <!-- Test -->
